<?xml version="1.0" encoding="UTF-8"?>
<!-- Generated by org.testng.reporters.JUnitReportReporter -->
<testsuite skipped="0" hostname="DESKTOP-J92E8NS" name="sample.Democlass" tests="2" failures="0" timestamp="2022-09-15T14:00:09 BST" time="0.013" errors="0">
  <testcase name="demoOne" time="0.012" classname="sample.Democlass"/>
  <system-out/>
  <testcase name="demoTwo" time="0.001" classname="sample.Democlass"/>
  <system-out/>
</testsuite> <!-- sample.Democlass -->
